Temp/gradleOut/launcher/build/intermediates/manifest_merge_blame_file/release/manifest-merger-blame-release-report.txt
1<?xml version="1.0" encoding="utf-8"?>
2<!-- GENERATED BY UNITY. REMOVE THIS COMMENT TO PREVENT OVERWRITING WHEN EXPORTING AGAIN -->
3<manifest xmlns:android="http://schemas.android.com/apk/res/android"
4    package="com.DefaultCompany.MulitPlayerGame"
5    android:installLocation="preferExternal"
6    android:versionCode="1"
7    android:versionName="0.1.5" >
8
9    <uses-sdk
10        android:minSdkVersion="23"
10-->src\main\AndroidManifest.xml
11        android:targetSdkVersion="29" />
11-->src\main\AndroidManifest.xml
12
13    <supports-screens
13-->src\main\AndroidManifest.xml:4:3-163
14        android:anyDensity="true"
14-->src\main\AndroidManifest.xml:4:135-160
15        android:largeScreens="true"
15-->src\main\AndroidManifest.xml:4:78-105
16        android:normalScreens="true"
16-->src\main\AndroidManifest.xml:4:49-77
17        android:smallScreens="true"
17-->src\main\AndroidManifest.xml:4:21-48
18        android:xlargeScreens="true" />
18-->src\main\AndroidManifest.xml:4:106-134
19
20    <uses-feature android:glEsVersion="0x00030000" />
20-->[:unityLibrary] AndroidManifest.xml:14:5-54
20-->[:unityLibrary] AndroidManifest.xml:14:19-51
21
22    <uses-permission android:name="android.permission.INTERNET" />
22-->[:unityLibrary] AndroidManifest.xml:16:5-67
22-->[:unityLibrary] AndroidManifest.xml:16:22-64
23
24    <uses-feature
24-->[:unityLibrary] AndroidManifest.xml:18:5-20:36
25        android:name="android.hardware.touchscreen"
25-->[:unityLibrary] AndroidManifest.xml:19:9-52
26        android:required="false" />
26-->[:unityLibrary] AndroidManifest.xml:20:9-33
27    <uses-feature
27-->[:unityLibrary] AndroidManifest.xml:21:5-23:36
28        android:name="android.hardware.touchscreen.multitouch"
28-->[:unityLibrary] AndroidManifest.xml:22:9-63
29        android:required="false" />
29-->[:unityLibrary] AndroidManifest.xml:23:9-33
30    <uses-feature
30-->[:unityLibrary] AndroidManifest.xml:24:5-26:36
31        android:name="android.hardware.touchscreen.multitouch.distinct"
31-->[:unityLibrary] AndroidManifest.xml:25:9-72
32        android:required="false" />
32-->[:unityLibrary] AndroidManifest.xml:26:9-33
33    <uses-feature
33-->[:unityLibrary] AndroidManifest.xml:27:5-30:31
34        android:name="android.hardware.vr.headtracking"
34-->[:unityLibrary] AndroidManifest.xml:28:9-56
35        android:required="true"
35-->[:unityLibrary] AndroidManifest.xml:29:9-32
36        android:version="1" />
36-->[:unityLibrary] AndroidManifest.xml:30:9-28
37
38    <application
38-->src\main\AndroidManifest.xml:5:3-116
39        android:extractNativeLibs="true"
39-->src\main\AndroidManifest.xml:5:16-48
40        android:icon="@mipmap/app_icon"
40-->src\main\AndroidManifest.xml:5:82-113
41        android:label="@string/app_name" >
41-->src\main\AndroidManifest.xml:5:49-81
42        <activity
42-->[:unityLibrary] AndroidManifest.xml:33:9-56:20
43            android:name="com.unity3d.player.UnityPlayerActivity"
43-->[:unityLibrary] AndroidManifest.xml:34:13-66
44            android:configChanges="keyboard|keyboardHidden|navigation|orientation|screenLayout|screenSize|uiMode"
44-->[:unityLibrary] AndroidManifest.xml:35:13-114
45            android:hardwareAccelerated="false"
45-->[:unityLibrary] AndroidManifest.xml:36:13-48
46            android:launchMode="singleTask"
46-->[:unityLibrary] AndroidManifest.xml:37:13-44
47            android:screenOrientation="landscape"
47-->[:unityLibrary] AndroidManifest.xml:38:13-50
48            android:theme="@android:style/Theme.Black.NoTitleBar.Fullscreen" >
48-->[:unityLibrary] AndroidManifest.xml:39:13-77
49            <intent-filter>
49-->[:unityLibrary] AndroidManifest.xml:40:13-45:29
50                <action android:name="android.intent.action.MAIN" />
50-->[:unityLibrary] AndroidManifest.xml:41:17-69
50-->[:unityLibrary] AndroidManifest.xml:41:25-66
51
52                <category android:name="android.intent.category.LAUNCHER" />
52-->[:unityLibrary] AndroidManifest.xml:43:17-77
52-->[:unityLibrary] AndroidManifest.xml:43:27-74
53                <category android:name="com.oculus.intent.category.VR" />
53-->[:unityLibrary] AndroidManifest.xml:44:17-74
53-->[:unityLibrary] AndroidManifest.xml:44:27-71
54            </intent-filter>
55
56            <meta-data
56-->[:unityLibrary] AndroidManifest.xml:47:13-49:40
57                android:name="unityplayer.UnityActivity"
57-->[:unityLibrary] AndroidManifest.xml:48:17-57
58                android:value="true" />
58-->[:unityLibrary] AndroidManifest.xml:49:17-37
59            <meta-data
59-->[:unityLibrary] AndroidManifest.xml:50:13-52:40
60                android:name="android.notch_support"
60-->[:unityLibrary] AndroidManifest.xml:51:17-53
61                android:value="true" />
61-->[:unityLibrary] AndroidManifest.xml:52:17-37
62            <meta-data
62-->[:unityLibrary] AndroidManifest.xml:53:13-55:40
63                android:name="com.oculus.vr.focusaware"
63-->[:unityLibrary] AndroidManifest.xml:54:17-56
64                android:value="true" />
64-->[:unityLibrary] AndroidManifest.xml:55:17-37
65        </activity>
66
67        <meta-data
67-->[:unityLibrary] AndroidManifest.xml:58:9-60:33
68            android:name="unity.splash-mode"
68-->[:unityLibrary] AndroidManifest.xml:59:13-45
69            android:value="0" />
69-->[:unityLibrary] AndroidManifest.xml:60:13-30
70        <meta-data
70-->[:unityLibrary] AndroidManifest.xml:61:9-63:36
71            android:name="unity.splash-enable"
71-->[:unityLibrary] AndroidManifest.xml:62:13-47
72            android:value="True" />
72-->[:unityLibrary] AndroidManifest.xml:63:13-33
73        <meta-data
73-->[:unityLibrary] AndroidManifest.xml:64:9-66:50
74            android:name="notch.config"
74-->[:unityLibrary] AndroidManifest.xml:65:13-40
75            android:value="portrait|landscape" />
75-->[:unityLibrary] AndroidManifest.xml:66:13-47
76        <meta-data
76-->[:unityLibrary] AndroidManifest.xml:67:9-69:68
77            android:name="unity.build-id"
77-->[:unityLibrary] AndroidManifest.xml:68:13-42
78            android:value="fe5816ed-30c4-484d-a651-4f499c838941" />
78-->[:unityLibrary] AndroidManifest.xml:69:13-65
79        <meta-data
79-->[:unityLibrary] AndroidManifest.xml:70:9-72:39
80            android:name="com.samsung.android.vr.application.mode"
80-->[:unityLibrary] AndroidManifest.xml:71:13-67
81            android:value="vr_only" />
81-->[:unityLibrary] AndroidManifest.xml:72:13-36
82        <meta-data
82-->[:unityLibrary] AndroidManifest.xml:73:9-75:37
83            android:name="com.unity.xr.oculus.LowOverheadMode"
83-->[:unityLibrary] AndroidManifest.xml:74:13-63
84            android:value="false" />
84-->[:unityLibrary] AndroidManifest.xml:75:13-34
85        <meta-data
85-->[:unityLibrary] AndroidManifest.xml:76:9-78:44
86            android:name="com.oculus.supportedDevices"
86-->[:unityLibrary] AndroidManifest.xml:77:13-55
87            android:value="quest|quest2" />
87-->[:unityLibrary] AndroidManifest.xml:78:13-41
88    </application>
89
90</manifest>